6.0s 1 0.00s - Debugger warning: It seems that frozen modules are being used, which may
6.0s 2 0.00s - make the debugger miss breakpoints. Please pass -Xfrozen_modules=off
6.0s 3 0.00s - to python to disable frozen modules.
6.0s 4 0.00s - Note: Debugging will proceed. Set PYDEVD_DISABLE_FILE_VALIDATION=1 to disable this validation.
6.4s 5 0.00s - Debugger warning: It seems that frozen modules are being used, which may
6.4s 6 0.00s - make the debugger miss breakpoints. Please pass -Xfrozen_modules=off
6.4s 7 0.00s - to python to disable frozen modules.
6.4s 8 0.00s - Note: Debugging will proceed. Set PYDEVD_DISABLE_FILE_VALIDATION=1 to disable this validation.
7.8s 9 Added cutlass path: /kaggle/usr/lib/notebooks/ryanholbrook/nvidia_utility_script/nvidia_cutlass_dsl/python_packages
58.7s 10 /kaggle/usr/lib/notebooks/ryanholbrook/nvidia_utility_script/torch/compiler/__init__.py:148: FutureWarning: torch._dynamo.allow_in_graph is deprecated and will be removed in a future version. Use torch._dynamo.nonstrict_trace instead.
58.7s 11 return torch._dynamo.allow_in_graph(fn)
58.7s 12 
58.7s 13 /kaggle/usr/lib/notebooks/ryanholbrook/nvidia_utility_script/torch/compiler/__init__.py:148: FutureWarning: torch._dynamo.allow_in_graph is deprecated and will be removed in a future version. Use torch._dynamo.nonstrict_trace instead.
58.7s 14 return torch._dynamo.allow_in_graph(fn)
69.7s 15 torch: 2.12.0.dev20260324+cu128 cuda: True
70.0s 16 train_path: /kaggle/input/competitions/nvidia-nemotron-model-reasoning-challenge/train.csv rows: 9500
71.0s 17 Found model in Kaggle inputs: /kaggle/input/models/metric/nemotron-3-nano-30b-a3b-bf16/transformers/default/1
71.3s 18 sample text length (chars): 673
549.2s 19 /usr/local/lib/python3.12/dist-packages/torchao/float8/float8_tensor.py:122: FutureWarning: torch._dynamo.allow_in_graph is deprecated and will be removed in a future version. Use torch._dynamo.nonstrict_trace instead.
549.2s 20 @torch._dynamo.allow_in_graph
549.2s 21 /usr/local/lib/python3.12/dist-packages/torchao/float8/float8_tensor.py:195: FutureWarning: torch._dynamo.allow_in_graph is deprecated and will be removed in a future version. Use torch._dynamo.nonstrict_trace instead.
549.2s 22 @torch._dynamo.allow_in_graph
549.2s 23 /usr/local/lib/python3.12/dist-packages/torchao/float8/float8_scaling_utils.py:90: FutureWarning: torch._dynamo.allow_in_graph is deprecated and will be removed in a future version. Use torch._dynamo.nonstrict_trace instead.
549.2s 24 @torch._dynamo.allow_in_graph
549.2s 25 /usr/local/lib/python3.12/dist-packages/torchao/float8/float8_linear.py:60: FutureWarning: torch._dynamo.allow_in_graph is deprecated and will be removed in a future version. Use torch._dynamo.nonstrict_trace instead.
549.2s 26 @torch._dynamo.allow_in_graph
549.2s 27 /usr/local/lib/python3.12/dist-packages/torchao/dtypes/nf4tensor.py:1059: FutureWarning: torch._dynamo.allow_in_graph is deprecated and will be removed in a future version. Use torch._dynamo.nonstrict_trace instead.
549.2s 28 @torch._dynamo.allow_in_graph
549.2s 29 /usr/local/lib/python3.12/dist-packages/torchao/quantization/subclass.py:206: FutureWarning: torch._dynamo.allow_in_graph is deprecated and will be removed in a future version. Use torch._dynamo.nonstrict_trace instead.
549.2s 30 @torch._dynamo.allow_in_graph
549.2s 31 /usr/local/lib/python3.12/dist-packages/torchao/quantization/subclass.py:355: FutureWarning: torch._dynamo.allow_in_graph is deprecated and will be removed in a future version. Use torch._dynamo.nonstrict_trace instead.
549.2s 32 @torch._dynamo.allow_in_graph
549.2s 33 /usr/local/lib/python3.12/dist-packages/torchao/quantization/subclass.py:392: FutureWarning: torch._dynamo.allow_in_graph is deprecated and will be removed in a future version. Use torch._dynamo.nonstrict_trace instead.
549.2s 34 @torch._dynamo.allow_in_graph
549.2s 35 
549.2s 36 /usr/local/lib/python3.12/dist-packages/torchao/float8/float8_tensor.py:122: FutureWarning: torch._dynamo.allow_in_graph is deprecated and will be removed in a future version. Use torch._dynamo.nonstrict_trace instead.
549.2s 37 @torch._dynamo.allow_in_graph
549.2s 38 /usr/local/lib/python3.12/dist-packages/torchao/float8/float8_tensor.py:195: FutureWarning: torch._dynamo.allow_in_graph is deprecated and will be removed in a future version. Use torch._dynamo.nonstrict_trace instead.
549.2s 39 @torch._dynamo.allow_in_graph
549.2s 40 /usr/local/lib/python3.12/dist-packages/torchao/float8/float8_scaling_utils.py:90: FutureWarning: torch._dynamo.allow_in_graph is deprecated and will be removed in a future version. Use torch._dynamo.nonstrict_trace instead.
549.2s 41 @torch._dynamo.allow_in_graph
549.2s 42 /usr/local/lib/python3.12/dist-packages/torchao/float8/float8_linear.py:60: FutureWarning: torch._dynamo.allow_in_graph is deprecated and will be removed in a future version. Use torch._dynamo.nonstrict_trace instead.
549.2s 43 @torch._dynamo.allow_in_graph
549.2s 44 /usr/local/lib/python3.12/dist-packages/torchao/dtypes/nf4tensor.py:1059: FutureWarning: torch._dynamo.allow_in_graph is deprecated and will be removed in a future version. Use torch._dynamo.nonstrict_trace instead.
549.2s 45 @torch._dynamo.allow_in_graph
549.2s 46 /usr/local/lib/python3.12/dist-packages/torchao/quantization/subclass.py:206: FutureWarning: torch._dynamo.allow_in_graph is deprecated and will be removed in a future version. Use torch._dynamo.nonstrict_trace instead.
549.2s 47 @torch._dynamo.allow_in_graph
549.2s 48 /usr/local/lib/python3.12/dist-packages/torchao/quantization/subclass.py:355: FutureWarning: torch._dynamo.allow_in_graph is deprecated and will be removed in a future version. Use torch._dynamo.nonstrict_trace instead.
549.2s 49 @torch._dynamo.allow_in_graph
549.2s 50 /usr/local/lib/python3.12/dist-packages/torchao/quantization/subclass.py:392: FutureWarning: torch._dynamo.allow_in_graph is deprecated and will be removed in a future version. Use torch._dynamo.nonstrict_trace instead.
549.2s 51 @torch._dynamo.allow_in_graph
556.1s 52 trainable params: 880,138,240 || all params: 32,458,075,584 || trainable%: 2.7116
556.4s 53 Tokenizing dataset...
558.8s 54 Full Trainer checkpoints disabled for Kaggle committed runs to avoid disk exhaustion.
22249.3s 55 Saved adapter under /kaggle/working/final_adapter
22249.3s 56 adding: adapter_config.json (deflated 55%)
22249.5s 57 adding: adapter_model.safetensors  adding: adapter_config.json (deflated 55%)
22367.0s 58 adding: adapter_model.safetensors (deflated 9%)
22367.0s 59 (deflated 9%)
22367.0s 60 Wrote /kaggle/working/submission.zip
22371.5s 61 /usr/local/lib/python3.12/dist-packages/mistune.py:435: SyntaxWarning: invalid escape sequence '\|'
22371.5s 62 cells[i][c] = re.sub('\\\\\|', '|', cell)
22371.6s 63 /usr/local/lib/python3.12/dist-packages/nbconvert/filters/filter_links.py:36: SyntaxWarning: invalid escape sequence '\_'
22371.6s 64 text = re.sub(r'_', '\_', text) # Escape underscores in display text
22372.4s 65 [NbConvertApp] Converting notebook __notebook__.ipynb to notebook
22372.6s 66 [NbConvertApp] Writing 48459 bytes to __notebook__.ipynb
22374.3s 67 [NbConvertApp] Converting notebook __notebook__.ipynb to html
22374.7s 68 [NbConvertApp] Writing 341260 bytes to __results__.html








User Added : Submission Gave 0.58 score and 1333 rank on leaderboard. top is at 0.85